app/build/outputs/logs/manifest-merger-debug-report.txt
-- Merging decision tree log ---
manifest
ADDED from AndroidManifest.xml:2:1
	xmlns:android
		ADDED from AndroidManifest.xml:3:2
	package
		ADDED from AndroidManifest.xml:4:2
		INJECTED from AndroidManifest.xml:0:0
		INJECTED from AndroidManifest.xml:0:0
	android:versionName
		ADDED from AndroidManifest.xml:6:2
	android:versionCode
		ADDED from AndroidManifest.xml:5:2
		INJECTED from AndroidManifest.xml:0:0
		INJECTED from AndroidManifest.xml:0:0
uses-sdk
ADDED from AndroidManifest.xml:7:2
	android:targetSdkVersion
		ADDED from AndroidManifest.xml:9:3
		INJECTED from AndroidManifest.xml:0:0
		INJECTED from AndroidManifest.xml:0:0
	android:minSdkVersion
		ADDED from AndroidManifest.xml:8:3
		INJECTED from AndroidManifest.xml:0:0
		INJECTED from AndroidManifest.xml:0:0
uses-permission#android.permission.INTERNET
ADDED from AndroidManifest.xml:11:2
	android:name
		ADDED from AndroidManifest.xml:11:19
application
ADDED from AndroidManifest.xml:12:2
	android:label
		ADDED from AndroidManifest.xml:15:3
	android:allowBackup
		ADDED from AndroidManifest.xml:13:3
	android:icon
		ADDED from AndroidManifest.xml:14:3
activity#org.crazyit.auction.client.Login
ADDED from AndroidManifest.xml:16:3
	android:label
		ADDED from AndroidManifest.xml:18:4
	android:name
		ADDED from AndroidManifest.xml:17:4
intent-filter#android.intent.action.MAIN+android.intent.category.LAUNCHER
ADDED from AndroidManifest.xml:19:4
action#android.intent.action.MAIN
ADDED from AndroidManifest.xml:20:5
	android:name
		ADDED from AndroidManifest.xml:20:13
category#android.intent.category.LAUNCHER
ADDED from AndroidManifest.xml:21:5
	android:name
		ADDED from AndroidManifest.xml:21:15
activity#org.crazyit.auction.client.AuctionClientActivity
ADDED from AndroidManifest.xml:24:3
	android:label
		ADDED from AndroidManifest.xml:26:4
	android:name
		ADDED from AndroidManifest.xml:25:4
activity#org.crazyit.auction.client.ViewItem
ADDED from AndroidManifest.xml:28:3
	android:label
		ADDED from AndroidManifest.xml:30:4
	android:name
		ADDED from AndroidManifest.xml:29:4
activity#org.crazyit.auction.client.ManageKind
ADDED from AndroidManifest.xml:32:3
	android:label
		ADDED from AndroidManifest.xml:34:4
	android:name
		ADDED from AndroidManifest.xml:33:4
activity#org.crazyit.auction.client.AddKind
ADDED from AndroidManifest.xml:36:3
	android:label
		ADDED from AndroidManifest.xml:38:4
	android:name
		ADDED from AndroidManifest.xml:37:4
activity#org.crazyit.auction.client.ManageItem
ADDED from AndroidManifest.xml:40:3
	android:label
		ADDED from AndroidManifest.xml:42:4
	android:name
		ADDED from AndroidManifest.xml:41:4
activity#org.crazyit.auction.client.AddItem
ADDED from AndroidManifest.xml:44:3
	android:label
		ADDED from AndroidManifest.xml:46:4
	android:name
		ADDED from AndroidManifest.xml:45:4
activity#org.crazyit.auction.client.ViewBid
ADDED from AndroidManifest.xml:48:3
	android:label
		ADDED from AndroidManifest.xml:50:4
	android:name
		ADDED from AndroidManifest.xml:49:4
activity#org.crazyit.auction.client.ChooseKind
ADDED from AndroidManifest.xml:52:3
	android:label
		ADDED from AndroidManifest.xml:54:4
	android:name
		ADDED from AndroidManifest.xml:53:4
activity#org.crazyit.auction.client.ChooseItem
ADDED from AndroidManifest.xml:56:3
	android:label
		ADDED from AndroidManifest.xml:58:4
	android:name
		ADDED from AndroidManifest.xml:57:4
activity#org.crazyit.auction.client.AddBid
ADDED from AndroidManifest.xml:60:3
	android:label
		ADDED from AndroidManifest.xml:62:4
	android:name
		ADDED from AndroidManifest.xml:61:4